<?xml version="1.0" encoding="UTF-8"?>
<coverage generated="1684420994681" clover="3.2.0">
  <project timestamp="1684420994681" name="All files">
    <metrics statements="24" coveredstatements="22" conditionals="4" coveredconditionals="2" methods="12" coveredmethods="12" elements="40" coveredelements="36" complexity="0" loc="24" ncloc="24" packages="2" files="3" classes="3"/>
    <package name="_mock_">
      <metrics statements="5" coveredstatements="5" conditionals="0" coveredconditionals="0" methods="1" coveredmethods="1"/>
      <file name="addTodo.js" path="C:\Users\User\Desktop\my-alx\To-Do-List\_mock_\addTodo.js">
        <metrics statements="5" coveredstatements="5" conditionals="0" coveredconditionals="0" methods="1" coveredmethods="1"/>
        <line num="1" count="1" type="stmt"/>
        <line num="3" count="1" type="stmt"/>
        <line num="4" count="1" type="stmt"/>
        <line num="5" count="1" type="stmt"/>
        <line num="8" count="1" type="stmt"/>
      </file>
    </package>
    <package name="modules">
      <metrics statements="19" coveredstatements="17" conditionals="4" coveredconditionals="2" methods="11" coveredmethods="11"/>
      <file name="TodoList.js" path="C:\Users\User\Desktop\my-alx\To-Do-List\modules\TodoList.js">
        <metrics statements="17" coveredstatements="15" conditionals="4" coveredconditionals="2" methods="9" coveredmethods="9"/>
        <line num="3" count="3" type="stmt"/>
        <line num="7" count="7" type="stmt"/>
        <line num="12" count="7" type="stmt"/>
        <line num="13" count="7" type="stmt"/>
        <line num="17" count="1" type="stmt"/>
        <line num="18" count="1" type="cond" truecount="1" falsecount="1"/>
        <line num="19" count="1" type="stmt"/>
        <line num="20" count="1" type="stmt"/>
        <line num="22" count="0" type="stmt"/>
        <line num="26" count="5" type="stmt"/>
        <line num="27" count="3" type="cond" truecount="1" falsecount="1"/>
        <line num="28" count="3" type="stmt"/>
        <line num="29" count="3" type="stmt"/>
        <line num="31" count="0" type="stmt"/>
        <line num="35" count="3" type="stmt"/>
        <line num="39" count="3" type="stmt"/>
        <line num="43" count="1" type="stmt"/>
      </file>
      <file name="deleteTodofunctions.js" path="C:\Users\User\Desktop\my-alx\To-Do-List\modules\deleteTodofunctions.js">
        <metrics statements="2" coveredstatements="2" conditionals="0" coveredconditionals="0" methods="2" coveredmethods="2"/>
        <line num="1" count="6" type="stmt"/>
        <line num="3" count="1" type="stmt"/>
      </file>
    </package>
  </project>
</coverage>
