{"C:\\Users\\User\\Desktop\\my-alx\\To-Do-List\\_mock_\\addTodo.js": {"path":"C:\\Users\\User\\Desktop\\my-alx\\To-Do-List\\_mock_\\addTodo.js","statementMap":{"0":{"start":{"line":1,"column":17},"end":{"line":1,"column":19}},"1":{"start":{"line":3,"column":20},"end":{"line":6,"column":1}},"2":{"start":{"line":4,"column":2},"end":{"line":4,"column":22}},"3":{"start":{"line":5,"column":2},"end":{"line":5,"column":18}},"4":{"start":{"line":8,"column":0},"end":{"line":8,"column":29}}},"fnMap":{"0":{"name":"(anonymous_0)","decl":{"start":{"line":3,"column":20},"end":{"line":3,"column":21}},"loc":{"start":{"line":3,"column":30},"end":{"line":6,"column":1}},"line":3}},"branchMap":{},"s":{"0":1,"1":1,"2":1,"3":1,"4":1},"f":{"0":1},"b":{},"_coverageSchema":"1a1c01bbd47fc00a2c39e90264f33305004495a9","hash":"68aa980b863ada4a8891934cf164653c7d13f131"}
,"C:\\Users\\User\\Desktop\\my-alx\\To-Do-List\\modules\\deleteTodofunctions.js": {"path":"C:\\Users\\User\\Desktop\\my-alx\\To-Do-List\\modules\\deleteTodofunctions.js","statementMap":{"0":{"start":{"line":1,"column":19},"end":{"line":1,"column":72}},"1":{"start":{"line":1,"column":34},"end":{"line":1,"column":72}},"2":{"start":{"line":1,"column":57},"end":{"line":1,"column":71}},"3":{"start":{"line":3,"column":0},"end":{"line":3,"column":28}}},"fnMap":{"0":{"name":"(anonymous_0)","decl":{"start":{"line":1,"column":19},"end":{"line":1,"column":20}},"loc":{"start":{"line":1,"column":34},"end":{"line":1,"column":72}},"line":1},"1":{"name":"(anonymous_1)","decl":{"start":{"line":1,"column":47},"end":{"line":1,"column":48}},"loc":{"start":{"line":1,"column":57},"end":{"line":1,"column":71}},"line":1}},"branchMap":{},"s":{"0":1,"1":2,"2":6,"3":1},"f":{"0":2,"1":6},"b":{},"_coverageSchema":"1a1c01bbd47fc00a2c39e90264f33305004495a9","hash":"800c083463b76ae362d3adcca9491c594875b35d"}
}
