TN:
SF:_mock_\addTodo.js
FN:3,(anonymous_0)
FNF:1
FNH:1
FNDA:1,(anonymous_0)
DA:1,1
DA:3,1
DA:4,1
DA:5,1
DA:8,1
LF:5
LH:5
BRF:0
BRH:0
end_of_record
TN:
SF:modules\TodoList.js
FN:2,(anonymous_0)
FN:6,(anonymous_1)
FN:16,(anonymous_2)
FN:17,(anonymous_3)
FN:25,(anonymous_4)
FN:26,(anonymous_5)
FN:34,(anonymous_6)
FN:35,(anonymous_7)
FN:38,(anonymous_8)
FNF:9
FNH:9
FNDA:3,(anonymous_0)
FNDA:7,(anonymous_1)
FNDA:1,(anonymous_2)
FNDA:1,(anonymous_3)
FNDA:3,(anonymous_4)
FNDA:5,(anonymous_5)
FNDA:1,(anonymous_6)
FNDA:3,(anonymous_7)
FNDA:3,(anonymous_8)
DA:3,3
DA:7,7
DA:12,7
DA:13,7
DA:17,1
DA:18,1
DA:19,1
DA:20,1
DA:22,0
DA:26,5
DA:27,3
DA:28,3
DA:29,3
DA:31,0
DA:35,3
DA:39,3
DA:43,1
LF:17
LH:15
BRDA:18,0,0,1
BRDA:18,0,1,0
BRDA:27,1,0,3
BRDA:27,1,1,0
BRF:4
BRH:2
end_of_record
TN:
SF:modules\deleteTodofunctions.js
FN:1,(anonymous_0)
FN:1,(anonymous_1)
FNF:2
FNH:2
FNDA:2,(anonymous_0)
FNDA:6,(anonymous_1)
DA:1,6
DA:3,1
LF:2
LH:2
BRF:0
BRH:0
end_of_record
